<?xml version="1.0" encoding="utf-8"?>
<test-run id="2" testcasecount="10" result="Passed" total="10" passed="10" failed="0" inconclusive="0" skipped="0" asserts="0" engine-version="3.5.0.0" clr-version="4.0.30319.42000" start-time="2026-08-19 14:41:38Z" end-time="2026-08-19 14:41:38Z" duration="0.2858449">
  <test-suite type="TestSuite" id="1000" name="雄安交通协同控制数字孪生" fullname="雄安交通协同控制数字孪生" runstate="Runnable" testcasecount="10" result="Passed" start-time="2026-08-19 14:41:38Z" end-time="2026-08-19 14:41:38Z" duration="0.285845" total="10" passed="10" failed="0" inconclusive="0" skipped="0" asserts="0">
    <properties>
      <property name="platform" value="EditMode" />
    </properties>
    <test-suite type="Assembly" id="1020" name="Xiongan.DigitalTwin.Tests.EditMode.dll" fullname="D:/程序项目/面向雄安新区的城市大脑/apps/unity-digital-twin/Library/ScriptAssemblies/Xiongan.DigitalTwin.Tests.EditMode.dll" runstate="Runnable" testcasecount="10" result="Passed" start-time="2026-08-19 14:41:38Z" end-time="2026-08-19 14:41:38Z" duration="0.249595" total="10" passed="10" failed="0" inconclusive="0" skipped="0" asserts="0">
      <properties>
        <property name="_PID" value="9156" />
        <property name="_APPDOMAIN" value="Unity Child Domain" />
        <property name="platform" value="EditMode" />
        <property name="EditorOnly" value="True" />
      </properties>
      <test-suite type="TestSuite" id="1021" name="Xiongan" fullname="Xiongan" runstate="Runnable" testcasecount="10" result="Passed" start-time="2026-08-19 14:41:38Z" end-time="2026-08-19 14:41:38Z" duration="0.247868" total="10" passed="10" failed="0" inconclusive="0" skipped="0" asserts="0">
        <properties />
        <test-suite type="TestSuite" id="1022" name="DigitalTwin" fullname="Xiongan.DigitalTwin" runstate="Runnable" testcasecount="10" result="Passed" start-time="2026-08-19 14:41:38Z" end-time="2026-08-19 14:41:38Z" duration="0.246460" total="10" passed="10" failed="0" inconclusive="0" skipped="0" asserts="0">
          <properties />
          <test-suite type="TestSuite" id="1023" name="Tests" fullname="Xiongan.DigitalTwin.Tests" runstate="Runnable" testcasecount="10" result="Passed" start-time="2026-08-19 14:41:38Z" end-time="2026-08-19 14:41:38Z" duration="0.245033" total="10" passed="10" failed="0" inconclusive="0" skipped="0" asserts="0">
            <properties />
            <test-suite type="TestFixture" id="1006" name="CoordinateServiceTests" fullname="Xiongan.DigitalTwin.Tests.CoordinateServiceTests" classname="Xiongan.DigitalTwin.Tests.CoordinateServiceTests" runstate="Runnable" testcasecount="2" result="Passed" start-time="2026-08-19 14:41:38Z" end-time="2026-08-19 14:41:38Z" duration="0.129771" total="2" passed="2" failed="0" inconclusive="0" skipped="0" asserts="0">
              <properties />
              <test-case id="1007" name="K06UsesTheSharedFloatingOrigin" fullname="Xiongan.DigitalTwin.Tests.CoordinateServiceTests.K06UsesTheSharedFloatingOrigin" methodname="K06UsesTheSharedFloatingOrigin" classname="Xiongan.DigitalTwin.Tests.CoordinateServiceTests" runstate="Runnable" seed="1310214308" result="Passed" start-time="2026-08-19 14:41:38Z" end-time="2026-08-19 14:41:38Z" duration="0.062114" asserts="0">
                <properties>
                  <property name="retryIteration" value="0" />
                  <property name="repeatIteration" value="0" />
                </properties>
              </test-case>
              <test-case id="1008" name="SumoHeadingMapsToUnityYaw" fullname="Xiongan.DigitalTwin.Tests.CoordinateServiceTests.SumoHeadingMapsToUnityYaw" methodname="SumoHeadingMapsToUnityYaw" classname="Xiongan.DigitalTwin.Tests.CoordinateServiceTests" runstate="Runnable" seed="1441481461" result="Passed" start-time="2026-08-19 14:41:38Z" end-time="2026-08-19 14:41:38Z" duration="0.014906" asserts="0">
                <properties>
                  <property name="retryIteration" value="0" />
                  <property name="repeatIteration" value="0" />
                </properties>
              </test-case>
            </test-suite>
            <test-suite type="TestFixture" id="1009" name="MobilityAssetTests" fullname="Xiongan.DigitalTwin.Tests.MobilityAssetTests" classname="Xiongan.DigitalTwin.Tests.MobilityAssetTests" runstate="Runnable" testcasecount="2" result="Passed" start-time="2026-08-19 14:41:38Z" end-time="2026-08-19 14:41:38Z" duration="0.067342" total="2" passed="2" failed="0" inconclusive="0" skipped="0" asserts="0">
              <properties />
              <test-case id="1011" name="BicycleAssetContainsMechanicalAndRiderDetail" fullname="Xiongan.DigitalTwin.Tests.MobilityAssetTests.BicycleAssetContainsMechanicalAndRiderDetail" methodname="BicycleAssetContainsMechanicalAndRiderDetail" classname="Xiongan.DigitalTwin.Tests.MobilityAssetTests" runstate="Runnable" seed="866880651" result="Passed" start-time="2026-08-19 14:41:38Z" end-time="2026-08-19 14:41:38Z" duration="0.056658" asserts="0">
                <properties>
                  <property name="retryIteration" value="0" />
                  <property name="repeatIteration" value="0" />
                </properties>
              </test-case>
              <test-case id="1010" name="PedestrianAssetContainsArticulatedBodyMesh" fullname="Xiongan.DigitalTwin.Tests.MobilityAssetTests.PedestrianAssetContainsArticulatedBodyMesh" methodname="PedestrianAssetContainsArticulatedBodyMesh" classname="Xiongan.DigitalTwin.Tests.MobilityAssetTests" runstate="Runnable" seed="569104785" result="Passed" start-time="2026-08-19 14:41:38Z" end-time="2026-08-19 14:41:38Z" duration="0.007653" asserts="0">
                <properties>
                  <property name="retryIteration" value="0" />
                  <property name="repeatIteration" value="0" />
                </properties>
              </test-case>
            </test-suite>
            <test-suite type="TestFixture" id="1012" name="RoadMarkingPlacementTests" fullname="Xiongan.DigitalTwin.Tests.RoadMarkingPlacementTests" classname="Xiongan.DigitalTwin.Tests.RoadMarkingPlacementTests" runstate="Runnable" testcasecount="3" result="Passed" start-time="2026-08-19 14:41:38Z" end-time="2026-08-19 14:41:38Z" duration="0.023366" total="3" passed="3" failed="0" inconclusive="0" skipped="0" asserts="0">
              <properties />
              <test-case id="1013" name="ArrowUsesTheTangentAtItsResolvedPosition" fullname="Xiongan.DigitalTwin.Tests.RoadMarkingPlacementTests.ArrowUsesTheTangentAtItsResolvedPosition" methodname="ArrowUsesTheTangentAtItsResolvedPosition" classname="Xiongan.DigitalTwin.Tests.RoadMarkingPlacementTests" runstate="Runnable" seed="553408421" result="Passed" start-time="2026-08-19 14:41:38Z" end-time="2026-08-19 14:41:38Z" duration="0.005573" asserts="0">
                <properties>
                  <property name="retryIteration" value="0" />
                  <property name="repeatIteration" value="0" />
                </properties>
              </test-case>
              <test-case id="1014" name="DirectionSetKeepsEveryLegalSumoMovement" fullname="Xiongan.DigitalTwin.Tests.RoadMarkingPlacementTests.DirectionSetKeepsEveryLegalSumoMovement" methodname="DirectionSetKeepsEveryLegalSumoMovement" classname="Xiongan.DigitalTwin.Tests.RoadMarkingPlacementTests" runstate="Runnable" seed="225175353" result="Passed" start-time="2026-08-19 14:41:38Z" end-time="2026-08-19 14:41:38Z" duration="0.012978" asserts="0">
                <properties>
                  <property name="retryIteration" value="0" />
                  <property name="repeatIteration" value="0" />
                </properties>
              </test-case>
              <test-case id="1015" name="VeryShortLaneDoesNotReceiveAnUnreadableArrow" fullname="Xiongan.DigitalTwin.Tests.RoadMarkingPlacementTests.VeryShortLaneDoesNotReceiveAnUnreadableArrow" methodname="VeryShortLaneDoesNotReceiveAnUnreadableArrow" classname="Xiongan.DigitalTwin.Tests.RoadMarkingPlacementTests" runstate="Runnable" seed="635259577" result="Passed" start-time="2026-08-19 14:41:38Z" end-time="2026-08-19 14:41:38Z" duration="0.001198" asserts="0">
                <properties>
                  <property name="retryIteration" value="0" />
                  <property name="repeatIteration" value="0" />
                </properties>
              </test-case>
            </test-suite>
            <test-suite type="TestFixture" id="1016" name="TrafficLightPlacementTests" fullname="Xiongan.DigitalTwin.Tests.TrafficLightPlacementTests" classname="Xiongan.DigitalTwin.Tests.TrafficLightPlacementTests" runstate="Runnable" testcasecount="3" result="Passed" start-time="2026-08-19 14:41:38Z" end-time="2026-08-19 14:41:38Z" duration="0.017239" total="3" passed="3" failed="0" inconclusive="0" skipped="0" asserts="0">
              <properties />
              <test-case id="1017" name="NorthboundApproachPlacesPoleBeyondRightmostLane" fullname="Xiongan.DigitalTwin.Tests.TrafficLightPlacementTests.NorthboundApproachPlacesPoleBeyondRightmostLane" methodname="NorthboundApproachPlacesPoleBeyondRightmostLane" classname="Xiongan.DigitalTwin.Tests.TrafficLightPlacementTests" runstate="Runnable" seed="1878572527" result="Passed" start-time="2026-08-19 14:41:38Z" end-time="2026-08-19 14:41:38Z" duration="0.009632" asserts="0">
                <properties>
                  <property name="retryIteration" value="0" />
                  <property name="repeatIteration" value="0" />
                </properties>
              </test-case>
              <test-case id="1018" name="PlacementSearchMovesPastBlockedRoadShoulder" fullname="Xiongan.DigitalTwin.Tests.TrafficLightPlacementTests.PlacementSearchMovesPastBlockedRoadShoulder" methodname="PlacementSearchMovesPastBlockedRoadShoulder" classname="Xiongan.DigitalTwin.Tests.TrafficLightPlacementTests" runstate="Runnable" seed="474324312" result="Passed" start-time="2026-08-19 14:41:38Z" end-time="2026-08-19 14:41:38Z" duration="0.002238" asserts="0">
                <properties>
                  <property name="retryIteration" value="0" />
                  <property name="repeatIteration" value="0" />
                </properties>
              </test-case>
              <test-case id="1019" name="PolygonCheckHandlesBothWindingDirections" fullname="Xiongan.DigitalTwin.Tests.TrafficLightPlacementTests.PolygonCheckHandlesBothWindingDirections" methodname="PolygonCheckHandlesBothWindingDirections" classname="Xiongan.DigitalTwin.Tests.TrafficLightPlacementTests" runstate="Runnable" seed="1280127089" result="Passed" start-time="2026-08-19 14:41:38Z" end-time="2026-08-19 14:41:38Z" duration="0.001878" asserts="0">
                <properties>
                  <property name="retryIteration" value="0" />
                  <property name="repeatIteration" value="0" />
                </properties>
                <output><![CDATA[Saving results to: C:/Users/15493/AppData/LocalLow/Xiongan Traffic Brain/雄安交通协同控制数字孪生\TestResults.xml
]]></output>
              </test-case>
            </test-suite>
          </test-suite>
        </test-suite>
      </test-suite>
    </test-suite>
  </test-suite>
</test-run>